<?xml version="1.0" encoding="UTF-8"?>
<!-- Generated by org.testng.reporters.JUnitReportReporter -->
<testsuite hostname="bs0054" name="com.sailpoint.execution.LoginTest" tests="1" failures="0" timestamp="18 Oct 2018 12:29:09 GMT" time="3.810" errors="0">
  <testcase name="sailPointLoginTest" time="3.810" classname="com.sailpoint.execution.LoginTest"/>
</testsuite> <!-- com.sailpoint.execution.LoginTest -->
