<?xml version="1.0" encoding="UTF-8"?>
<!-- Generated by org.testng.reporters.JUnitReportReporter -->
<testsuite skipped="0" hostname="bs0054" name="com.sailpoint.execution.LoginTest" tests="1" failures="0" timestamp="18 Oct 2018 10:04:58 GMT" time="5.234" errors="0">
  <testcase name="sailPointLoginTest" time="5.234" classname="com.sailpoint.execution.LoginTest"/>
</testsuite> <!-- com.sailpoint.execution.LoginTest -->
