<?xml version="1.0" encoding="UTF-8"?>
<!-- Generated by org.testng.reporters.JUnitReportReporter -->
<testsuite skipped="0" hostname="bs0054" name="com.sailpoint.testBase.TestBase" tests="1" failures="0" timestamp="15 Oct 2018 17:59:18 GMT" time="5.349" errors="0">
  <testcase name="launchBrowser" time="5.349" classname="com.sailpoint.testBase.TestBase"/>
</testsuite> <!-- com.sailpoint.testBase.TestBase -->
